gwen.eval.StepFailure: Failed step [at line 31]: Given I wait until the heading is displayed: gwen.errors.package$ScriptException: Failed to execute JavaScript: !!$('h2')
	at gwen.eval.EvalEngine.doEvaluate(EvalEngine.scala:202)
	at gwen.eval.EvalEngine.doEvaluate$(EvalEngine.scala:184)
	at gwen.web.WebInterpreter.doEvaluate(WebIntepreter.scala:27)
	at gwen.eval.EvalEngine.evaluateStep(EvalEngine.scala:154)
	at gwen.eval.EvalEngine.evaluateStep$(EvalEngine.scala:131)
	at gwen.web.WebInterpreter.evaluateStep(WebIntepreter.scala:27)
	at gwen.eval.EvalEngine.$anonfun$evaluateSteps$1(EvalEngine.scala:251)
	at scala.collection.LinearSeqOptimized.foldLeft(LinearSeqOptimized.scala:122)
	at scala.collection.LinearSeqOptimized.foldLeft$(LinearSeqOptimized.scala:118)
	at scala.collection.immutable.List.foldLeft(List.scala:86)
	at gwen.eval.EvalEngine.evaluateSteps(EvalEngine.scala:245)
	at gwen.eval.EvalEngine.evaluateSteps$(EvalEngine.scala:244)
	at gwen.web.WebInterpreter.evaluateSteps(WebIntepreter.scala:27)
	at gwen.eval.EvalEngine.evalStepDef(EvalEngine.scala:215)
	at gwen.eval.EvalEngine.evaluateStep(EvalEngine.scala:165)
	at gwen.eval.EvalEngine.evaluateStep$(EvalEngine.scala:131)
	at gwen.web.WebInterpreter.evaluateStep(WebIntepreter.scala:27)
	at gwen.eval.EvalEngine.$anonfun$evaluateSteps$1(EvalEngine.scala:251)
	at scala.collection.LinearSeqOptimized.foldLeft(LinearSeqOptimized.scala:122)
	at scala.collection.LinearSeqOptimized.foldLeft$(LinearSeqOptimized.scala:118)
	at scala.collection.immutable.List.foldLeft(List.scala:86)
	at gwen.eval.EvalEngine.evaluateSteps(EvalEngine.scala:245)
	at gwen.eval.EvalEngine.evaluateSteps$(EvalEngine.scala:244)
	at gwen.web.WebInterpreter.evaluateSteps(WebIntepreter.scala:27)
	at gwen.eval.EvalEngine.evaluateScenario(EvalEngine.scala:92)
	at gwen.eval.EvalEngine.evaluateScenario$(EvalEngine.scala:62)
	at gwen.web.WebInterpreter.evaluateScenario(WebIntepreter.scala:27)
	at gwen.eval.GwenInterpreter.$anonfun$evaluateFeature$6(GwenInterpreter.scala:181)
	at scala.collection.LinearSeqOptimized.foldLeft(LinearSeqOptimized.scala:122)
	at scala.collection.LinearSeqOptimized.foldLeft$(LinearSeqOptimized.scala:118)
	at scala.collection.immutable.List.foldLeft(List.scala:86)
	at gwen.eval.GwenInterpreter.evaluateFeature(GwenInterpreter.scala:152)
	at gwen.eval.GwenInterpreter.$anonfun$interpretFeature$2(GwenInterpreter.scala:122)
	at scala.Option.map(Option.scala:146)
	at gwen.eval.GwenInterpreter.interpretFeature(GwenInterpreter.scala:103)
	at gwen.eval.GwenLauncher.evaluateUnit(GwenLauncher.scala:153)
	at gwen.eval.GwenLauncher.$anonfun$executeFeatureUnits$11(GwenLauncher.scala:122)
	at scala.collection.immutable.Stream.foldLeft(Stream.scala:546)
	at gwen.eval.GwenLauncher.executeFeatureUnits(GwenLauncher.scala:118)
	at gwen.eval.GwenLauncher.run(GwenLauncher.scala:57)
	at gwen.eval.GwenApp.run(GwenApp.scala:52)
	at gwen.eval.GwenApp.delayedEndpoint$gwen$eval$GwenApp$1(GwenApp.scala:32)
	at gwen.eval.GwenApp$delayedInit$body.apply(GwenApp.scala:26)
	at scala.Function0.apply$mcV$sp(Function0.scala:34)
	at scala.Function0.apply$mcV$sp$(Function0.scala:34)
	at scala.runtime.AbstractFunction0.apply$mcV$sp(AbstractFunction0.scala:12)
	at scala.App.$anonfun$main$1$adapted(App.scala:76)
	at scala.collection.immutable.List.foreach(List.scala:389)
	at scala.App.main(App.scala:76)
	at scala.App.main$(App.scala:74)
	at gwen.eval.GwenApp.main(GwenApp.scala:26)
	at gwen.web.WebInterpreter.main(WebIntepreter.scala)
Caused by: java.lang.RuntimeException: gwen.errors.package$ScriptException: Failed to execute JavaScript: !!$('h2')
	at org.openqa.selenium.support.ui.FluentWait.propagateIfNotIgnored(FluentWait.java:250)
	at org.openqa.selenium.support.ui.FluentWait.until(FluentWait.java:218)
	at gwen.web.WebContext.doWaitUntil$1(WebContext.scala:231)
	at gwen.web.WebContext.$anonfun$waitUntil$2(WebContext.scala:240)
	at gwen.web.WebContext.$anonfun$waitUntil$2$adapted(WebContext.scala:235)
	at gwen.web.WebContext.$anonfun$withWebDriver$3(WebContext.scala:72)
	at gwen.web.DriverManager.withWebDriver(DriverManager.scala:88)
	at gwen.web.WebContext.$anonfun$withWebDriver$2(WebContext.scala:71)
	at gwen.eval.Evaluatable.evaluate(Evaluatable.scala:32)
	at gwen.eval.Evaluatable.evaluate$(Evaluatable.scala:32)
	at gwen.eval.EnvContext.evaluate(EnvContext.scala:45)
	at gwen.web.WebContext.withWebDriver(WebContext.scala:71)
	at gwen.web.WebContext.waitUntil(WebContext.scala:235)
	at gwen.web.WebContext.waitUntil(WebContext.scala:217)
	at gwen.web.WebEngine.evaluate(WebEngine.scala:165)
	at gwen.web.WebEngine.evaluate$(WebEngine.scala:117)
	at gwen.web.WebInterpreter.evaluate(WebIntepreter.scala:27)
	at gwen.web.WebInterpreter.evaluate(WebIntepreter.scala:27)
	at gwen.eval.EvalEngine.$anonfun$evaluateStep$6(EvalEngine.scala:157)
	at gwen.eval.EvalEngine.$anonfun$evaluateStep$6$adapted(EvalEngine.scala:155)
	at gwen.Predefs$Kestrel$.tap$extension(Predefs.scala:46)
	at gwen.eval.EvalEngine.$anonfun$evaluateStep$5(EvalEngine.scala:155)
	at gwen.eval.EvalEngine.$anonfun$doEvaluate$1(EvalEngine.scala:186)
	at scala.util.Try$.apply(Try.scala:209)
	at gwen.eval.EvalEngine.doEvaluate(EvalEngine.scala:186)
	... 51 more
Caused by: gwen.errors.package$ScriptException: Failed to execute JavaScript: !!$('h2')
	at gwen.errors.package$.javaScriptError(errors.scala:57)
	at gwen.web.WebContext.$anonfun$executeJS$1(WebContext.scala:202)
	at gwen.web.WebContext.$anonfun$withWebDriver$3(WebContext.scala:72)
	at gwen.web.DriverManager.withWebDriver(DriverManager.scala:88)
	at gwen.web.WebContext.$anonfun$withWebDriver$2(WebContext.scala:71)
	at gwen.eval.Evaluatable.evaluate(Evaluatable.scala:32)
	at gwen.eval.Evaluatable.evaluate$(Evaluatable.scala:32)
	at gwen.eval.EnvContext.evaluate(EnvContext.scala:45)
	at gwen.web.WebContext.withWebDriver(WebContext.scala:71)
	at gwen.web.WebContext.executeJS(WebContext.scala:190)
	at gwen.web.WebEnvContext.evaluateJS(WebEnvContext.scala:249)
	at gwen.eval.support.ScriptSupport.evaluateJSPredicate(ScriptSupport.scala:44)
	at gwen.eval.support.ScriptSupport.evaluateJSPredicate$(ScriptSupport.scala:43)
	at gwen.eval.EnvContext.evaluateJSPredicate(EnvContext.scala:45)
	at gwen.web.WebEngine.$anonfun$evaluate$9(WebEngine.scala:165)
	at gwen.web.WebContext.$anonfun$waitUntil$1(WebContext.scala:231)
	at gwen.web.WebContext.$anonfun$waitUntil$1$adapted(WebContext.scala:231)
	at org.openqa.selenium.support.ui.FluentWait.until(FluentWait.java:208)
	... 74 more
Caused by: org.openqa.selenium.JavascriptException: ReferenceError: $ is not defined
Build info: version: '3.6.0', revision: '6fbf3ec767', time: '2017-09-27T15:28:36.4Z'
System info: host: 'Giovannis-MacBook-Pro.local', ip: 'fe80:0:0:0:14ec:508:5c88:5516%en0', os.name: 'Mac OS X', os.arch: 'x86_64', os.version: '10.12.6', java.version: '9.0.1'
Driver info: org.openqa.selenium.firefox.FirefoxDriver
Capabilities [{moz:profile=/var/folders/jd/4q8406nn6cx5v_5pjvptz0980000gn/T/rust_mozprofile.gng34H7ej99U, rotatable=false, timeouts={implicit=0, pageLoad=300000, script=30000}, pageLoadStrategy=normal, moz:headless=false, platform=MAC, specificationLevel=0, moz:accessibilityChecks=false, acceptInsecureCerts=true, browserVersion=56.0.1, platformVersion=16.7.0, moz:processID=14428, browserName=firefox, javascriptEnabled=true, platformName=MAC}]
Session ID: b4c68b29-f4e8-a248-989f-c36ed8d3b977
	at java.base/jdk.internal.reflect.NativeConstructorAccessorImpl.newInstance0(Native Method)
	at java.base/jdk.internal.reflect.NativeConstructorAccessorImpl.newInstance(NativeConstructorAccessorImpl.java:62)
	at java.base/jdk.internal.reflect.DelegatingConstructorAccessorImpl.newInstance(DelegatingConstructorAccessorImpl.java:45)
	at java.base/java.lang.reflect.Constructor.newInstance(Constructor.java:488)
	at org.openqa.selenium.remote.http.W3CHttpResponseCodec.createException(W3CHttpResponseCodec.java:185)
	at org.openqa.selenium.remote.http.W3CHttpResponseCodec.decode(W3CHttpResponseCodec.java:120)
	at org.openqa.selenium.remote.http.W3CHttpResponseCodec.decode(W3CHttpResponseCodec.java:49)
	at org.openqa.selenium.remote.HttpCommandExecutor.execute(HttpCommandExecutor.java:164)
	at org.openqa.selenium.remote.service.DriverCommandExecutor.execute(DriverCommandExecutor.java:83)
	at org.openqa.selenium.remote.RemoteWebDriver.execute(RemoteWebDriver.java:586)
	at org.openqa.selenium.remote.RemoteWebDriver.executeScript(RemoteWebDriver.java:522)
	at gwen.web.WebContext.$anonfun$executeJS$1(WebContext.scala:192)
	... 90 more
